<?xml version="1.0" encoding="UTF-8"?>
<testng-results ignored="0" total="1" passed="1" failed="0" skipped="0">
  <reporter-output>
  </reporter-output>
  <suite started-at="2022-12-12T18:03:13 IST" name="Default suite" finished-at="2022-12-12T18:03:40 IST" duration-ms="27212">
    <groups>
    </groups>
    <test started-at="2022-12-12T18:03:13 IST" name="Default test" finished-at="2022-12-12T18:03:40 IST" duration-ms="27212">
      <class name="Test_Case.KTM_Test">
        <test-method signature="ktm()[pri:0, instance:Test_Case.KTM_Test@3eb7fc54]" started-at="2022-12-12T18:03:13 IST" name="ktm" finished-at="2022-12-12T18:03:40 IST" duration-ms="27013" status="PASS">
          <reporter-output>
          </reporter-output>
        </test-method> <!-- ktm -->
      </class> <!-- Test_Case.KTM_Test -->
    </test> <!-- Default test -->
  </suite> <!-- Default suite -->
</testng-results>
