<?xml version="1.0" encoding="UTF-8"?>
<testng-results ignored="0" total="1" passed="0" failed="1" skipped="0">
  <reporter-output>
  </reporter-output>
  <suite started-at="2022-12-12T17:51:30 IST" name="Default suite" finished-at="2022-12-12T17:51:37 IST" duration-ms="6883">
    <groups>
    </groups>
    <test started-at="2022-12-12T17:51:30 IST" name="Default test" finished-at="2022-12-12T17:51:37 IST" duration-ms="6883">
      <class name="Test_Case.KTM_Test">
        <test-method signature="ktm()[pri:0, instance:Test_Case.KTM_Test@3eb7fc54]" started-at="2022-12-12T17:51:31 IST" name="ktm" finished-at="2022-12-12T17:51:37 IST" duration-ms="6625" status="FAIL">
          <exception class="org.openqa.selenium.SessionNotCreatedException">
            <message>
              <![CDATA[session not created: This version of ChromeDriver only supports Chrome version 106
Current browser version is 108.0.5359.99 with binary path C:\Program Files\Google\Chrome\Application\chrome.exe
Build info: version: '3.7.1', revision: '8a0099a', time: '2017-11-06T21:01:39.354Z'
System info: host: 'ADMIN', ip: '10.10.61.222', os.name: 'Windows 8.1', os.arch: 'amd64', os.version: '6.3', java.version: '17.0.5'
Driver info: driver.version: ChromeDriver
remote stacktrace: Backtrace:
Ordinal0 [0x00241ED3+2236115]
Ordinal0 [0x001D92F1+1807089]
Ordinal0 [0x000E66FD+812797]
Ordinal0 [0x00108C6D+953453]
Ordinal0 [0x00104200+934400]
Ordinal0 [0x001019C9+924105]
Ordinal0 [0x0013806C+1146988]
Ordinal0 [0x00137A6A+1145450]
Ordinal0 [0x001318A6+1120422]
Ordinal0 [0x0010A73D+960317]
Ordinal0 [0x0010B71F+964383]
GetHandleVerifier [0x004EE7E2+2743074]
GetHandleVerifier [0x004E08D4+2685972]
GetHandleVerifier [0x002D2BAA+532202]
GetHandleVerifier [0x002D1990+527568]
Ordinal0 [0x001E080C+1837068]
Ordinal0 [0x001E4CD8+1854680]
Ordinal0 [0x001E4DC5+1854917]
Ordinal0 [0x001EED64+1895780]
BaseThreadInitThunk [0x74A96A14+36]
RtlInitializeExceptionChain [0x76FCA9FF+143]
RtlInitializeExceptionChain [0x76FCA9CA+90]
(No symbol) [0x00000000]
]]>
            </message>
            <full-stacktrace>
              <![CDATA[org.openqa.selenium.SessionNotCreatedException: session not created: This version of ChromeDriver only supports Chrome version 106
Current browser version is 108.0.5359.99 with binary path C:\Program Files\Google\Chrome\Application\chrome.exe
Build info: version: '3.7.1', revision: '8a0099a', time: '2017-11-06T21:01:39.354Z'
System info: host: 'ADMIN', ip: '10.10.61.222', os.name: 'Windows 8.1', os.arch: 'amd64', os.version: '6.3', java.version: '17.0.5'
Driver info: driver.version: ChromeDriver
remote stacktrace: Backtrace:
Ordinal0 [0x00241ED3+2236115]
Ordinal0 [0x001D92F1+1807089]
Ordinal0 [0x000E66FD+812797]
Ordinal0 [0x00108C6D+953453]
Ordinal0 [0x00104200+934400]
Ordinal0 [0x001019C9+924105]
Ordinal0 [0x0013806C+1146988]
Ordinal0 [0x00137A6A+1145450]
Ordinal0 [0x001318A6+1120422]
Ordinal0 [0x0010A73D+960317]
Ordinal0 [0x0010B71F+964383]
GetHandleVerifier [0x004EE7E2+2743074]
GetHandleVerifier [0x004E08D4+2685972]
GetHandleVerifier [0x002D2BAA+532202]
GetHandleVerifier [0x002D1990+527568]
Ordinal0 [0x001E080C+1837068]
Ordinal0 [0x001E4CD8+1854680]
Ordinal0 [0x001E4DC5+1854917]
Ordinal0 [0x001EED64+1895780]
BaseThreadInitThunk [0x74A96A14+36]
RtlInitializeExceptionChain [0x76FCA9FF+143]
RtlInitializeExceptionChain [0x76FCA9CA+90]
(No symbol) [0x00000000]

at java.base/jdk.internal.reflect.NativeConstructorAccessorImpl.newInstance0(Native Method)
at java.base/jdk.internal.reflect.NativeConstructorAccessorImpl.newInstance(NativeConstructorAccessorImpl.java:77)
at java.base/jdk.internal.reflect.DelegatingConstructorAccessorImpl.newInstance(DelegatingConstructorAccessorImpl.java:45)
at java.base/java.lang.reflect.Constructor.newInstanceWithCaller(Constructor.java:499)
at java.base/java.lang.reflect.Constructor.newInstance(Constructor.java:480)
at org.openqa.selenium.remote.W3CHandshakeResponse.lambda$new$0(W3CHandshakeResponse.java:57)
at org.openqa.selenium.remote.W3CHandshakeResponse.lambda$getResponseFunction$2(W3CHandshakeResponse.java:104)
at org.openqa.selenium.remote.ProtocolHandshake.lambda$createSession$0(ProtocolHandshake.java:123)
at java.base/java.util.stream.ReferencePipeline$3$1.accept(ReferencePipeline.java:197)
at java.base/java.util.Spliterators$ArraySpliterator.tryAdvance(Spliterators.java:1002)
at java.base/java.util.stream.ReferencePipeline.forEachWithCancel(ReferencePipeline.java:129)
at java.base/java.util.stream.AbstractPipeline.copyIntoWithCancel(AbstractPipeline.java:527)
at java.base/java.util.stream.AbstractPipeline.copyInto(AbstractPipeline.java:513)
at java.base/java.util.stream.AbstractPipeline.wrapAndCopyInto(AbstractPipeline.java:499)
at java.base/java.util.stream.FindOps$FindOp.evaluateSequential(FindOps.java:150)
at java.base/java.util.stream.AbstractPipeline.evaluate(AbstractPipeline.java:234)
at java.base/java.util.stream.ReferencePipeline.findFirst(ReferencePipeline.java:647)
at org.openqa.selenium.remote.ProtocolHandshake.createSession(ProtocolHandshake.java:126)
at org.openqa.selenium.remote.ProtocolHandshake.createSession(ProtocolHandshake.java:73)
at org.openqa.selenium.remote.HttpCommandExecutor.execute(HttpCommandExecutor.java:142)
at org.openqa.selenium.remote.service.DriverCommandExecutor.execute(DriverCommandExecutor.java:83)
at org.openqa.selenium.remote.RemoteWebDriver.execute(RemoteWebDriver.java:600)
at org.openqa.selenium.remote.RemoteWebDriver.startSession(RemoteWebDriver.java:219)
at org.openqa.selenium.remote.RemoteWebDriver.<init>(RemoteWebDriver.java:142)
at org.openqa.selenium.chrome.ChromeDriver.<init>(ChromeDriver.java:181)
at org.openqa.selenium.chrome.ChromeDriver.<init>(ChromeDriver.java:168)
at org.openqa.selenium.chrome.ChromeDriver.<init>(ChromeDriver.java:123)
at Test_Case.KTM_Test.ktm(KTM_Test.java:19)
at java.base/jdk.internal.reflect.NativeMethodAccessorImpl.invoke0(Native Method)
at java.base/jdk.internal.reflect.NativeMethodAccessorImpl.invoke(NativeMethodAccessorImpl.java:77)
at java.base/jdk.internal.reflect.DelegatingMethodAccessorImpl.invoke(DelegatingMethodAccessorImpl.java:43)
at java.base/java.lang.reflect.Method.invoke(Method.java:568)
at org.testng.internal.MethodInvocationHelper.invokeMethod(MethodInvocationHelper.java:133)
at org.testng.internal.TestInvoker.invokeMethod(TestInvoker.java:598)
at org.testng.internal.TestInvoker.invokeTestMethod(TestInvoker.java:173)
at org.testng.internal.MethodRunner.runInSequence(MethodRunner.java:46)
at org.testng.internal.TestInvoker$MethodInvocationAgent.invoke(TestInvoker.java:824)
at org.testng.internal.TestInvoker.invokeTestMethods(TestInvoker.java:146)
at org.testng.internal.TestMethodWorker.invokeTestMethods(TestMethodWorker.java:146)
at org.testng.internal.TestMethodWorker.run(TestMethodWorker.java:128)
at java.base/java.util.ArrayList.forEach(ArrayList.java:1511)
at org.testng.TestRunner.privateRun(TestRunner.java:794)
at org.testng.TestRunner.run(TestRunner.java:596)
at org.testng.SuiteRunner.runTest(SuiteRunner.java:377)
at org.testng.SuiteRunner.runSequentially(SuiteRunner.java:371)
at org.testng.SuiteRunner.privateRun(SuiteRunner.java:332)
at org.testng.SuiteRunner.run(SuiteRunner.java:276)
at org.testng.SuiteRunnerWorker.runSuite(SuiteRunnerWorker.java:53)
at org.testng.SuiteRunnerWorker.run(SuiteRunnerWorker.java:96)
at org.testng.TestNG.runSuitesSequentially(TestNG.java:1212)
at org.testng.TestNG.runSuitesLocally(TestNG.java:1134)
at org.testng.TestNG.runSuites(TestNG.java:1063)
at org.testng.TestNG.run(TestNG.java:1031)
at org.testng.remote.AbstractRemoteTestNG.run(AbstractRemoteTestNG.java:115)
at org.testng.remote.RemoteTestNG.initAndRun(RemoteTestNG.java:251)
at org.testng.remote.RemoteTestNG.main(RemoteTestNG.java:77)
]]>
            </full-stacktrace>
          </exception> <!-- org.openqa.selenium.SessionNotCreatedException -->
          <reporter-output>
          </reporter-output>
        </test-method> <!-- ktm -->
      </class> <!-- Test_Case.KTM_Test -->
    </test> <!-- Default test -->
  </suite> <!-- Default suite -->
</testng-results>
